
> weaver@0.0.1 start:dev /root/weaverbirds
> nodemon --config nodemon.json

[33m[nodemon] 2.0.6[39m
[33m[nodemon] to restart at any time, enter `rs`[39m
[33m[nodemon] watching path(s): src/**/*[39m
[33m[nodemon] watching extensions: ts[39m
[32m[nodemon] starting `ts-node ./src --env=development`[39m
events.js:291
      throw er; // Unhandled 'error' event
      ^

Error: EBADF: bad file descriptor, read
Emitted 'error' event on ReadStream instance at:
    at internal/fs/streams.js:191:14
    at FSReqCallback.wrapper [as oncomplete] (fs.js:520:5) {
  errno: -9,
  code: 'EBADF',
  syscall: 'read'
}
npm ERR! code ELIFECYCLE
npm ERR! errno 1
npm ERR! weaver@0.0.1 start:dev: `nodemon --config nodemon.json`
npm ERR! Exit status 1
npm ERR! 
npm ERR! Failed at the weaver@0.0.1 start:dev script.
npm ERR! This is probably not a problem with npm. There is likely additional logging output above.

npm ERR! A complete log of this run can be found in:
npm ERR!     /root/.npm/_logs/2021-01-27T06_27_50_221Z-debug.log
Express server has started on port 3010. Open http://localhost:3010/ to see results
